<?xml version="1.0" encoding="UTF-8"?>
<testsuite xmlns:xsi="http://www.w3.org/2001/XMLSchema-instance" xsi:noNamespaceSchemaLocation="https://maven.apache.org/surefire/maven-surefire-plugin/xsd/surefire-test-report.xsd" name="Automation.RunCukesTests" time="0.492" tests="3" errors="0" skipped="2" failures="0">
  <properties>
[...]
</properties>
  <testcase name="Given I go to google link" classname="Scenario: this is testing" time="0">
    <skipped/>
    <system-out><![CDATA[Feature: test feature
]]></system-out>
  </testcase>
  <testcase name="Scenario: this is testing" classname="Scenario: this is testing" time="0">
    <skipped/>
  </testcase>
  <testcase name="Scenario: this is testing" classname="Scenario: this is testing" time="0.005"/>
</testsuite>